Arguments: 
  /usr/local/bin/node /Users/jdooley/.yarn/releases/yarn-1.22.10.cjs set version stable

PATH: 
  /Users/jdooley/.rvm/gems/ruby-2.7.2/bin:/Users/jdooley/.rvm/gems/ruby-2.7.2@global/bin:/Users/jdooley/.rvm/rubies/ruby-2.7.2/bin:/Users/jdooley/.composer/vendor/bin:/Users/jdooley/Library/Android/sdk/platform-tools:/Users/jdooley/Library/Android/sdk/tools/bin:/Users/jdooley/Library/Android/sdk/tools:/Users/jdooley/Development/flutter/bin:/Users/jdooley/.yarn/bin:/Users/jdooley/.config/yarn/global/node_modules/.bin:/Users/jdooley/.cargo/bin:/Users/jdooley/.cargo/bin:/usr/local/bin:/usr/bin:/bin:/usr/sbin:/sbin:/Applications/VMware Fusion.app/Contents/Public:/usr/local/go/bin:/usr/local/share/dotnet:/opt/X11/bin:~/.dotnet/tools:/Library/Apple/usr/bin:/Library/Frameworks/Mono.framework/Versions/Current/Commands:/Applications/Wireshark.app/Contents/MacOS:/Applications/Xamarin Workbooks.app/Contents/SharedSupport/path-bin:/Users/jdooley/Development/Bin:/Volumes/LaCie/Dev/bin:/Volumes/LaCie/Dev/Data_As_Reported/Bin:/usr/local/sbin:/Applications/Postgres.app/Contents/Versions/latest/bin:/Applications/PureBasic.app/Contents/Resources/compilers:/Users/jdooley/.pub-cache/bin:/Users/jdooley/Development/flutter/.pub-cache/bin:/Users/jdooley/.rvm/bin

Yarn version: 
  1.22.10

Node version: 
  16.10.0

Platform: 
  darwin x64

Trace: 
  Error: Release not found: stable
      at /Users/jdooley/.yarn/releases/yarn-1.22.10.cjs:98328:17
      at Generator.next (<anonymous>)
      at step (/Users/jdooley/.yarn/releases/yarn-1.22.10.cjs:310:30)
      at /Users/jdooley/.yarn/releases/yarn-1.22.10.cjs:321:13
      at processTicksAndRejections (node:internal/process/task_queues:96:5)

npm manifest: 
  No manifest

yarn manifest: 
  No manifest

Lockfile: 
  No lockfile
